> Task :app:preBuild UP-TO-DATE
> Task :app:preDebugBuild UP-TO-DATE
> Task :app:mergeDebugNativeDebugMetadata NO-SOURCE
> Task :app:checkKotlinGradlePluginConfigurationErrors
> Task :app:dataBindingMergeDependencyArtifactsDebug UP-TO-DATE
> Task :app:generateDebugResValues UP-TO-DATE
> Task :app:generateDebugResources UP-TO-DATE
> Task :app:mergeDebugResources UP-TO-DATE
> Task :app:packageDebugResources UP-TO-DATE
> Task :app:processDebugNavigationResources UP-TO-DATE
> Task :app:parseDebugLocalResources UP-TO-DATE
> Task :app:dataBindingGenBaseClassesDebug UP-TO-DATE
> Task :app:checkDebugAarMetadata UP-TO-DATE
> Task :app:compileDebugNavigationResources UP-TO-DATE
> Task :app:mapDebugSourceSetPaths UP-TO-DATE
> Task :app:createDebugCompatibleScreenManifests UP-TO-DATE
> Task :app:extractDeepLinksDebug UP-TO-DATE
> Task :app:processDebugMainManifest UP-TO-DATE
> Task :app:processDebugManifest UP-TO-DATE
> Task :app:processDebugManifestForPackage UP-TO-DATE
> Task :app:processDebugResources UP-TO-DATE
> Task :app:javaPreCompileDebug UP-TO-DATE
> Task :app:mergeDebugShaders UP-TO-DATE
> Task :app:compileDebugShaders NO-SOURCE
> Task :app:generateDebugAssets UP-TO-DATE
> Task :app:mergeDebugAssets UP-TO-DATE
> Task :app:compressDebugAssets UP-TO-DATE
> Task :app:checkDebugDuplicateClasses UP-TO-DATE
> Task :app:desugarDebugFileDependencies UP-TO-DATE
> Task :app:mergeExtDexDebug UP-TO-DATE
> Task :app:mergeLibDexDebug UP-TO-DATE
> Task :app:mergeDebugJniLibFolders UP-TO-DATE
> Task :app:mergeDebugNativeLibs NO-SOURCE
> Task :app:stripDebugDebugSymbols NO-SOURCE
> Task :app:validateSigningDebug UP-TO-DATE
> Task :app:writeDebugAppMetadata UP-TO-DATE
> Task :app:writeDebugSigningConfigVersions UP-TO-DATE

> Task :app:compileDebugKotlin FAILED
./gradlew : e: file:///C:/Users/Leno
vo/AndroidStudioProjects/QuanLyLichH
oc/app/src/main/java/com/example/qua
nlylichhoc/ui/fragments/ExamsFragmen
t.kt:151:41 Unresolved reference: 
visibility
At line:1 char:1
+ ./gradlew assembleDebug > 
build_log_exams_2.txt 2>&1
+ ~~~~~~~~~~~~~~~~~~~~~~~~~~~~~~~~~~
~~~~~~~~~~~~~~~~~~
    + CategoryInfo          : NotSp 
   ecified: (e: file:///C:/U...nce  
  : visibility:String) [], Remote   
 Exception
    + FullyQualifiedErrorId : Nativ 
   eCommandError
 
e: file:///C:/Users/Lenovo/AndroidSt
udioProjects/QuanLyLichHoc/app/src/m
ain/java/com/example/quanlylichhoc/u
i/fragments/ExamsFragment.kt:167:41 
Unresolved reference: visibility
e: file:///C:/Users/Lenovo/AndroidSt
udioProjects/QuanLyLichHoc/app/src/m
ain/java/com/example/quanlylichhoc/u
i/fragments/ExamsFragment.kt:171:24 
Unresolved reference: findViewById
e: file:///C:/Users/Lenovo/AndroidSt
udioProjects/QuanLyLichHoc/app/src/m
ain/java/com/example/quanlylichhoc/u
i/fragments/ExamsFragment.kt:171:37 
Unresolved reference: TextView
e: file:///C:/Users/Lenovo/AndroidSt
udioProjects/QuanLyLichHoc/app/src/m
ain/java/com/example/quanlylichhoc/u
i/fragments/ExamsFragment.kt:171:70 
Variable expected
e: file:///C:/Users/Lenovo/AndroidSt
udioProjects/QuanLyLichHoc/app/src/m
ain/java/com/example/quanlylichhoc/u
i/fragments/ExamsFragment.kt:172:24 
Unresolved reference: findViewById
e: file:///C:/Users/Lenovo/AndroidSt
udioProjects/QuanLyLichHoc/app/src/m
ain/java/com/example/quanlylichhoc/u
i/fragments/ExamsFragment.kt:172:37 
Unresolved reference: TextView
e: file:///C:/Users/Lenovo/AndroidSt
udioProjects/QuanLyLichHoc/app/src/m
ain/java/com/example/quanlylichhoc/u
i/fragments/ExamsFragment.kt:172:69 
Variable expected
e: file:///C:/Users/Lenovo/AndroidSt
udioProjects/QuanLyLichHoc/app/src/m
ain/java/com/example/quanlylichhoc/u
i/fragments/ExamsFragment.kt:175:24 
Unresolved reference: findViewById
e: file:///C:/Users/Lenovo/AndroidSt
udioProjects/QuanLyLichHoc/app/src/m
ain/java/com/example/quanlylichhoc/u
i/fragments/ExamsFragment.kt:175:37 
Unresolved reference: TextView
e: file:///C:/Users/Lenovo/AndroidSt
udioProjects/QuanLyLichHoc/app/src/m
ain/java/com/example/quanlylichhoc/u
i/fragments/ExamsFragment.kt:175:66 
Variable expected
e: file:///C:/Users/Lenovo/AndroidSt
udioProjects/QuanLyLichHoc/app/src/m
ain/java/com/example/quanlylichhoc/u
i/fragments/ExamsFragment.kt:177:24 
Unresolved reference: findViewById
e: file:///C:/Users/Lenovo/AndroidSt
udioProjects/QuanLyLichHoc/app/src/m
ain/java/com/example/quanlylichhoc/u
i/fragments/ExamsFragment.kt:177:37 
Unresolved reference: TextView
e: file:///C:/Users/Lenovo/AndroidSt
udioProjects/QuanLyLichHoc/app/src/m
ain/java/com/example/quanlylichhoc/u
i/fragments/ExamsFragment.kt:177:61 
Variable expected
e: file:///C:/Users/Lenovo/AndroidSt
udioProjects/QuanLyLichHoc/app/src/m
ain/java/com/example/quanlylichhoc/u
i/fragments/ExamsFragment.kt:178:24 
Unresolved reference: findViewById
e: file:///C:/Users/Lenovo/AndroidSt
udioProjects/QuanLyLichHoc/app/src/m
ain/java/com/example/quanlylichhoc/u
i/fragments/ExamsFragment.kt:178:37 
Unresolved reference: TextView
e: file:///C:/Users/Lenovo/AndroidSt
udioProjects/QuanLyLichHoc/app/src/m
ain/java/com/example/quanlylichhoc/u
i/fragments/ExamsFragment.kt:178:59 
Variable expected
e: file:///C:/Users/Lenovo/AndroidSt
udioProjects/QuanLyLichHoc/app/src/m
ain/java/com/example/quanlylichhoc/u
i/fragments/ExamsFragment.kt:188:37 
Unresolved reference: visibility
e: file:///C:/Users/Lenovo/AndroidSt
udioProjects/QuanLyLichHoc/app/src/m
ain/java/com/example/quanlylichhoc/u
i/fragments/ExamsFragment.kt:228:40 
Unresolved reference: findViewById
e: file:///C:/Users/Lenovo/AndroidSt
udioProjects/QuanLyLichHoc/app/src/m
ain/java/com/example/quanlylichhoc/u
i/fragments/ExamsFragment.kt:229:40 
Unresolved reference: TextView
e: file:///C:/Users/Lenovo/AndroidSt
udioProjects/QuanLyLichHoc/app/src/m
ain/java/com/example/quanlylichhoc/u
i/fragments/ExamsFragment.kt:229:65 
Variable expected
e: file:///C:/Users/Lenovo/AndroidSt
udioProjects/QuanLyLichHoc/app/src/m
ain/java/com/example/quanlylichhoc/u
i/fragments/ExamsFragment.kt:230:40 
Unresolved reference: TextView
e: file:///C:/Users/Lenovo/AndroidSt
udioProjects/QuanLyLichHoc/app/src/m
ain/java/com/example/quanlylichhoc/u
i/fragments/ExamsFragment.kt:230:65 
Variable expected

[Incubating] Problems report is available at: file:///C:/Users/Lenovo/AndroidStudioProjects/QuanLyLichHoc/build/reports/problems/problems-report.html

FAILURE: Build failed with an 
exception.

* What went wrong:
Execution failed for task 
':app:compileDebugKotlin'.
> A failure occurred while 
executing org.jetbrains.kotlin.compi
lerRunner.GradleCompilerRunnerWithWo
rkers$GradleKotlinCompilerWorkAction
   > Compilation error. See log for 
more details

* Try:
> Run with --stacktrace option to 
get the stack trace.
> Run with --info or --debug option 
to get more log output.
> Run with --scan to generate a 
Build Scan (Powered by Develocity).
> Get more help at 
https://help.gradle.org.

Deprecated Gradle features were used in this build, making it incompatible with Gradle 10.

You can use '--warning-mode all' to show the individual deprecation warnings and determine if they come from your own scripts or plugins.

For more on this, please refer to https://docs.gradle.org/9.1.0/userguide/command_line_interface.html#sec:command_line_warnings in the Gradle documentation.

BUILD FAILED in 4s
31 actionable tasks: 2 executed, 29 up-to-date
